2025-05-16 13:32:22 - Requisição recebida
URI: /clima-app/backend/weather?city=Birigui
Query: city=Birigui
Método: GET
2025-05-16 13:33:26 - Requisição recebida
URI: /clima-app/backend/weather?city=Birigui
Query: city=Birigui
Método: GET
2025-05-16 13:33:41 - Requisição recebida
URI: /clima-app/backend/weather?city=Birigui
Query: city=Birigui
Método: GET
2025-05-16 13:33:53 - Requisição recebida
URI: /clima-app/backend/weather?city=Birigui
Query: city=Birigui
Método: GET
2025-05-16 13:36:46 - Requisição recebida
URI: /clima-app/backend/weather?city=Birigui
Query: city=Birigui
Método: GET
2025-05-16 13:36:55 - Requisição recebida
URI: /clima-app/backend/weather?city=jap%C3%A1o
Query: city=jap%C3%A1o
Método: GET
2025-05-16 13:41:10 - Requisição recebida
URI: /clima-app/backend/weather?city=Birigui
Query: city=Birigui
Método: GET
2025-05-16 13:41:13 - Requisição recebida
URI: /clima-app/backend/weather?city=-21.505701%2C-50.322182
Query: city=-21.505701%2C-50.322182
Método: GET
2025-05-16 13:41:24 - Requisição recebida
URI: /clima-app/backend/weather?city=San%20francisco
Query: city=San%20francisco
Método: GET
2025-05-16 13:43:13 - Requisição recebida
URI: /clima-app/backend/weather?city=San%20francisco
Query: city=San%20francisco
Método: GET
2025-05-16 13:43:33 - Requisição recebida
URI: /clima-app/backend/weather?city=San%20francisco
Query: city=San%20francisco
Método: GET
2025-05-16 13:43:59 - Requisição recebida
URI: /clima-app/backend/weather?city=San%20francisco
Query: city=San%20francisco
Método: GET
2025-05-16 13:44:12 - Requisição recebida
URI: /clima-app/backend/weather?city=San%20francisco
Query: city=San%20francisco
Método: GET
2025-05-16 13:44:45 - Requisição recebida
URI: /clima-app/backend/weather?city=San%20francisco
Query: city=San%20francisco
Método: GET
2025-05-16 13:45:06 - Requisição recebida
URI: /clima-app/backend/weather?city=San%20francisco
Query: city=San%20francisco
Método: GET
2025-05-16 13:45:15 - Requisição recebida
URI: /clima-app/backend/weather?city=Birigui
Query: city=Birigui
Método: GET
2025-05-16 13:45:57 - Requisição recebida
URI: /clima-app/backend/weather?city=Birigui
Query: city=Birigui
Método: GET
2025-05-16 13:46:50 - Requisição recebida
URI: /clima-app/backend/weather?city=Birigui
Query: city=Birigui
Método: GET
2025-05-16 13:47:47 - Requisição recebida
URI: /clima-app/backend/weather?city=-21.505661%2C-50.322094
Query: city=-21.505661%2C-50.322094
Método: GET
